2024-02-29 11:40:53 - INFO - Person found with ORCID: 0000-0002-0014-8625
2024-02-29 11:43:37 - INFO - Person found with ORCID: 0000-0002-0014-8625
2024-02-29 11:45:50 - INFO - Person found with name: gerad
2024-02-29 11:47:26 - WARNING - no persons found for name: geraddd
2024-02-29 11:59:23 - WARNING - no persons found for name: geraddd
2024-02-29 12:18:46 - WARNING - no persons found for name: geraddd
2024-02-29 12:19:03 - ERROR - An error occurred while searching for ORCID: No connection adapters were found for 'hhttps://staging.research-portal.uu.nl/ws/api/persons/search/'
2024-02-29 12:19:03 - ERROR - An error occurred while searching for ScopusID: No connection adapters were found for 'hhttps://staging.research-portal.uu.nl/ws/api/persons/search/'
2024-02-29 12:19:03 - ERROR - An error occurred while searching for geraddd: No connection adapters were found for 'hhttps://staging.research-portal.uu.nl/ws/api/persons/search/'
2024-02-29 12:19:23 - INFO - Person found with name: gerad
2024-02-29 12:19:35 - INFO - Person found with name: gerad
2024-02-29 12:19:57 - INFO - Person found with name: gerad
2024-02-29 12:20:22 - ERROR - Error searching for ORCID: 404 - {"type":"/error","title":"Service not found","status":404,"detail":"Requested service was not found, message was: HTTP 404 Not Found"}
2024-02-29 12:20:22 - ERROR - Error searching for ScopusID: 404 - {"type":"/error","title":"Service not found","status":404,"detail":"Requested service was not found, message was: HTTP 404 Not Found"}
2024-02-29 12:20:22 - ERROR - Error searching for gerad: 404 - {"type":"/error","title":"Service not found","status":404,"detail":"Requested service was not found, message was: HTTP 404 Not Found"}
2024-02-29 12:20:27 - INFO - Person found with name: gerad
2024-02-29 12:21:56 - INFO - Person found with name: gerad
2024-02-29 12:22:48 - INFO - Person found with name: gerad
2024-02-29 13:23:21 - WARNING - Multiple or no persons found for ORCID, 0000-0000-0000-0000
2024-02-29 13:23:22 - INFO - Person found with name: Menno Straatsma
2024-02-29 13:25:38 - WARNING - Multiple or no persons found for ORCID, 0000-0000-0000-0000
2024-02-29 13:25:38 - INFO - Person found with name: Menno Straatsma
2024-03-04 10:18:05 - WARNING - Multiple or no persons found for ORCID, 0000-0000-0000-0000
2024-03-04 10:18:06 - WARNING - Multiple persons found for name: Jan Test
2024-03-04 10:18:39 - WARNING - Multiple or no persons found for ORCID, 0000-0000-0000-0000
2024-03-04 10:18:40 - INFO - Person found with name: menno Straatsma
2024-03-04 10:19:39 - WARNING - Multiple or no persons found for ORCID, 0000-0000-0000-0000
2024-03-04 10:19:39 - INFO - Person found with name: menno Straatsma
2024-03-05 08:52:07 - WARNING - Multiple or no persons found for ORCID, 0000-0000-0000-0000
2024-03-05 08:52:08 - WARNING - no persons found for name: menno Straataaaaasma
2024-03-05 08:53:01 - WARNING - Multiple or no persons found for ORCID, 0000-0000-0000-0000
2024-03-05 08:53:01 - WARNING - no persons found for name: menno Straataaaaasma
2024-03-05 08:55:03 - WARNING - Multiple or no persons found for ORCID, 0000-0000-0000-0000
2024-03-05 08:55:04 - WARNING - no persons found for name: menno Straataaaaasma
2024-03-05 08:55:04 - WARNING - no person_details or date for get_active_associations
2024-03-05 09:17:06 - WARNING - Multiple or no persons found for ORCID, 0000-0000-0000-0000
